<?xml version="1.0" encoding="UTF-8"?>
<testng-results ignored="0" total="6" passed="6" failed="0" skipped="0">
  <reporter-output>
  </reporter-output>
  <suite started-at="2021-04-28T12:48:18 IST" name="Default suite" finished-at="2021-04-28T12:53:07 IST" duration-ms="288976">
    <groups>
      <group name="cucumber">
        <method signature="AbstractTestNGCucumberTests.runScenario(io.cucumber.testng.PickleWrapper, io.cucumber.testng.FeatureWrapper)[pri:0, instance:Runner_files.Login_positive_scenario_runner@58695725]" name="runScenario" class="io.cucumber.testng.AbstractTestNGCucumberTests"/>
      </group> <!-- cucumber -->
    </groups>
    <test started-at="2021-04-28T12:48:18 IST" name="Default test" finished-at="2021-04-28T12:53:07 IST" duration-ms="288976">
      <class name="Runner_files.Login_positive_scenario_runner">
        <test-method is-config="true" signature="setUpClass()[pri:0, instance:Runner_files.Login_positive_scenario_runner@58695725]" started-at="2021-04-28T12:48:18 IST" name="setUpClass" finished-at="2021-04-28T12:48:22 IST" duration-ms="4526" status="PASS">
          <reporter-output>
          </reporter-output>
        </test-method> <!-- setUpClass -->
        <test-method signature="runScenario(io.cucumber.testng.PickleWrapper, io.cucumber.testng.FeatureWrapper)[pri:0, instance:Runner_files.Login_positive_scenario_runner@58695725]" started-at="2021-04-28T12:48:22 IST" name="runScenario" description="Runs Cucumber Scenarios" data-provider="scenarios" finished-at="2021-04-28T12:52:12 IST" duration-ms="229857" status="PASS">
          <params>
            <param index="0">
              <value>
                <![CDATA["Validate that the Phone number' field is prefixed with +1 country code"]]>
              </value>
            </param>
            <param index="1">
              <value>
                <![CDATA["Optional[Test login page positive functionality]"]]>
              </value>
            </param>
          </params>
          <reporter-output>
          </reporter-output>
        </test-method> <!-- runScenario -->
        <test-method signature="runScenario(io.cucumber.testng.PickleWrapper, io.cucumber.testng.FeatureWrapper)[pri:0, instance:Runner_files.Login_positive_scenario_runner@58695725]" started-at="2021-04-28T12:52:12 IST" name="runScenario" description="Runs Cucumber Scenarios" data-provider="scenarios" finished-at="2021-04-28T12:52:15 IST" duration-ms="2401" status="PASS">
          <params>
            <param index="0">
              <value>
                <![CDATA["Validate that the user is able to click on the Forgot password? link"]]>
              </value>
            </param>
            <param index="1">
              <value>
                <![CDATA["Optional[Test login page positive functionality]"]]>
              </value>
            </param>
          </params>
          <reporter-output>
          </reporter-output>
        </test-method> <!-- runScenario -->
        <test-method signature="runScenario(io.cucumber.testng.PickleWrapper, io.cucumber.testng.FeatureWrapper)[pri:0, instance:Runner_files.Login_positive_scenario_runner@58695725]" started-at="2021-04-28T12:52:15 IST" name="runScenario" description="Runs Cucumber Scenarios" data-provider="scenarios" finished-at="2021-04-28T12:52:22 IST" duration-ms="6960" status="PASS">
          <params>
            <param index="0">
              <value>
                <![CDATA["Validate that the user is able click on the Sign up link"]]>
              </value>
            </param>
            <param index="1">
              <value>
                <![CDATA["Optional[Test login page positive functionality]"]]>
              </value>
            </param>
          </params>
          <reporter-output>
          </reporter-output>
        </test-method> <!-- runScenario -->
        <test-method signature="runScenario(io.cucumber.testng.PickleWrapper, io.cucumber.testng.FeatureWrapper)[pri:0, instance:Runner_files.Login_positive_scenario_runner@58695725]" started-at="2021-04-28T12:52:22 IST" name="runScenario" description="Runs Cucumber Scenarios" data-provider="scenarios" finished-at="2021-04-28T12:52:27 IST" duration-ms="5333" status="PASS">
          <params>
            <param index="0">
              <value>
                <![CDATA["Validate that the user is able to enter  the Password in the Password field"]]>
              </value>
            </param>
            <param index="1">
              <value>
                <![CDATA["Optional[Test login page positive functionality]"]]>
              </value>
            </param>
          </params>
          <reporter-output>
          </reporter-output>
        </test-method> <!-- runScenario -->
        <test-method signature="runScenario(io.cucumber.testng.PickleWrapper, io.cucumber.testng.FeatureWrapper)[pri:0, instance:Runner_files.Login_positive_scenario_runner@58695725]" started-at="2021-04-28T12:52:27 IST" name="runScenario" description="Runs Cucumber Scenarios" data-provider="scenarios" finished-at="2021-04-28T12:52:31 IST" duration-ms="3957" status="PASS">
          <params>
            <param index="0">
              <value>
                <![CDATA["Validate that the user is able to Login with valid data"]]>
              </value>
            </param>
            <param index="1">
              <value>
                <![CDATA["Optional[Test login page positive functionality]"]]>
              </value>
            </param>
          </params>
          <reporter-output>
          </reporter-output>
        </test-method> <!-- runScenario -->
        <test-method signature="runScenario(io.cucumber.testng.PickleWrapper, io.cucumber.testng.FeatureWrapper)[pri:0, instance:Runner_files.Login_positive_scenario_runner@58695725]" started-at="2021-04-28T12:52:31 IST" name="runScenario" description="Runs Cucumber Scenarios" data-provider="scenarios" finished-at="2021-04-28T12:52:53 IST" duration-ms="21959" status="PASS">
          <params>
            <param index="0">
              <value>
                <![CDATA["Validate that the user is navigated to Landing page on clicking the Log out option"]]>
              </value>
            </param>
            <param index="1">
              <value>
                <![CDATA["Optional[Test login page positive functionality]"]]>
              </value>
            </param>
          </params>
          <reporter-output>
          </reporter-output>
        </test-method> <!-- runScenario -->
        <test-method is-config="true" signature="tearDownClass()[pri:0, instance:Runner_files.Login_positive_scenario_runner@58695725]" started-at="2021-04-28T12:52:53 IST" name="tearDownClass" finished-at="2021-04-28T12:53:07 IST" duration-ms="13766" status="PASS">
          <reporter-output>
          </reporter-output>
        </test-method> <!-- tearDownClass -->
      </class> <!-- Runner_files.Login_positive_scenario_runner -->
    </test> <!-- Default test -->
  </suite> <!-- Default suite -->
</testng-results>
